{"C:\\Users\\Chris\\Documents\\WebDev\\NodePractice\\session_practice\\server\\routes.test.js":{"path":"C:\\Users\\Chris\\Documents\\WebDev\\NodePractice\\session_practice\\server\\routes.test.js","s":{"1":1,"2":1,"3":1,"4":1,"5":1,"6":1,"7":1,"8":1,"9":1,"10":1,"11":1,"12":1,"13":0,"14":0,"15":0,"16":0,"17":0,"18":0,"19":0,"20":0,"21":0,"22":0,"23":0,"24":0,"25":0,"26":0,"27":0,"28":0,"29":0,"30":0,"31":0,"32":0,"33":0,"34":0,"35":0,"36":0,"37":0,"38":0,"39":0,"40":0,"41":0,"42":0,"43":0,"44":0,"45":0,"46":0,"47":0,"48":0,"49":0,"50":0,"51":0,"52":0},"b":{"1":[0,0],"2":[0,0],"3":[0,0],"4":[0,0]},"f":{"1":0,"2":0,"3":0,"4":0},"fnMap":{"1":{"name":"(anonymous_1)","line":23,"loc":{"start":{"line":23,"column":11},"end":{"line":23,"column":26}}},"2":{"name":"(anonymous_2)","line":41,"loc":{"start":{"line":41,"column":20},"end":{"line":41,"column":35}}},"3":{"name":"(anonymous_3)","line":57,"loc":{"start":{"line":57,"column":53},"end":{"line":57,"column":68}}},"4":{"name":"(anonymous_4)","line":100,"loc":{"start":{"line":100,"column":20},"end":{"line":100,"column":35}}}},"statementMap":{"1":{"start":{"line":2,"column":0},"end":{"line":2,"column":30}},"2":{"start":{"line":4,"column":0},"end":{"line":4,"column":37}},"3":{"start":{"line":5,"column":0},"end":{"line":5,"column":31}},"4":{"start":{"line":6,"column":0},"end":{"line":6,"column":40}},"5":{"start":{"line":7,"column":0},"end":{"line":7,"column":29}},"6":{"start":{"line":8,"column":0},"end":{"line":8,"column":20}},"7":{"start":{"line":10,"column":0},"end":{"line":10,"column":38}},"8":{"start":{"line":11,"column":0},"end":{"line":11,"column":42}},"9":{"start":{"line":12,"column":0},"end":{"line":12,"column":39}},"10":{"start":{"line":13,"column":0},"end":{"line":13,"column":33}},"11":{"start":{"line":16,"column":0},"end":{"line":16,"column":40}},"12":{"start":{"line":18,"column":0},"end":{"line":21,"column":3}},"13":{"start":{"line":20,"column":2},"end":{"line":20,"column":20}},"14":{"start":{"line":23,"column":0},"end":{"line":35,"column":3}},"15":{"start":{"line":24,"column":2},"end":{"line":24,"column":21}},"16":{"start":{"line":26,"column":2},"end":{"line":26,"column":39}},"17":{"start":{"line":27,"column":2},"end":{"line":34,"column":5}},"18":{"start":{"line":28,"column":4},"end":{"line":33,"column":7}},"19":{"start":{"line":31,"column":6},"end":{"line":31,"column":59}},"20":{"start":{"line":31,"column":17},"end":{"line":31,"column":58}},"21":{"start":{"line":32,"column":6},"end":{"line":32,"column":13}},"22":{"start":{"line":38,"column":0},"end":{"line":97,"column":3}},"23":{"start":{"line":39,"column":2},"end":{"line":39,"column":21}},"24":{"start":{"line":41,"column":2},"end":{"line":55,"column":5}},"25":{"start":{"line":42,"column":4},"end":{"line":42,"column":23}},"26":{"start":{"line":43,"column":4},"end":{"line":54,"column":9}},"27":{"start":{"line":49,"column":8},"end":{"line":49,"column":27}},"28":{"start":{"line":49,"column":17},"end":{"line":49,"column":27}},"29":{"start":{"line":50,"column":8},"end":{"line":50,"column":44}},"30":{"start":{"line":51,"column":8},"end":{"line":51,"column":39}},"31":{"start":{"line":52,"column":8},"end":{"line":52,"column":42}},"32":{"start":{"line":53,"column":8},"end":{"line":53,"column":15}},"33":{"start":{"line":57,"column":2},"end":{"line":71,"column":5}},"34":{"start":{"line":58,"column":4},"end":{"line":58,"column":23}},"35":{"start":{"line":59,"column":4},"end":{"line":70,"column":9}},"36":{"start":{"line":65,"column":8},"end":{"line":65,"column":27}},"37":{"start":{"line":65,"column":17},"end":{"line":65,"column":27}},"38":{"start":{"line":66,"column":8},"end":{"line":66,"column":36}},"39":{"start":{"line":67,"column":8},"end":{"line":67,"column":39}},"40":{"start":{"line":68,"column":8},"end":{"line":68,"column":54}},"41":{"start":{"line":69,"column":8},"end":{"line":69,"column":15}},"42":{"start":{"line":99,"column":0},"end":{"line":116,"column":3}},"43":{"start":{"line":100,"column":2},"end":{"line":115,"column":5}},"44":{"start":{"line":101,"column":4},"end":{"line":101,"column":23}},"45":{"start":{"line":102,"column":4},"end":{"line":114,"column":8}},"46":{"start":{"line":108,"column":8},"end":{"line":108,"column":27}},"47":{"start":{"line":108,"column":17},"end":{"line":108,"column":27}},"48":{"start":{"line":109,"column":8},"end":{"line":109,"column":40}},"49":{"start":{"line":110,"column":8},"end":{"line":110,"column":39}},"50":{"start":{"line":111,"column":8},"end":{"line":111,"column":46}},"51":{"start":{"line":112,"column":8},"end":{"line":112,"column":50}},"52":{"start":{"line":113,"column":8},"end":{"line":113,"column":15}}},"branchMap":{"1":{"line":31,"type":"if","locations":[{"start":{"line":31,"column":6},"end":{"line":31,"column":6}},{"start":{"line":31,"column":6},"end":{"line":31,"column":6}}]},"2":{"line":49,"type":"if","locations":[{"start":{"line":49,"column":8},"end":{"line":49,"column":8}},{"start":{"line":49,"column":8},"end":{"line":49,"column":8}}]},"3":{"line":65,"type":"if","locations":[{"start":{"line":65,"column":8},"end":{"line":65,"column":8}},{"start":{"line":65,"column":8},"end":{"line":65,"column":8}}]},"4":{"line":108,"type":"if","locations":[{"start":{"line":108,"column":8},"end":{"line":108,"column":8}},{"start":{"line":108,"column":8},"end":{"line":108,"column":8}}]}}},"C:\\Users\\Chris\\Documents\\WebDev\\NodePractice\\session_practice\\server\\dbconfig.js":{"path":"C:\\Users\\Chris\\Documents\\WebDev\\NodePractice\\session_practice\\server\\dbconfig.js","s":{"1":1,"2":1,"3":1,"4":1},"b":{},"f":{},"fnMap":{},"statementMap":{"1":{"start":{"line":1,"column":0},"end":{"line":1,"column":31}},"2":{"start":{"line":3,"column":0},"end":{"line":3,"column":9}},"3":{"start":{"line":5,"column":2},"end":{"line":11,"column":5}},"4":{"start":{"line":14,"column":0},"end":{"line":14,"column":25}}},"branchMap":{}},"C:\\Users\\Chris\\Documents\\WebDev\\NodePractice\\session_practice\\dist\\index.js":{"path":"C:\\Users\\Chris\\Documents\\WebDev\\NodePractice\\session_practice\\dist\\index.js","s":{"1":1,"2":1,"3":1,"4":1,"5":1,"6":1,"7":1,"8":0,"9":1},"b":{},"f":{},"fnMap":{},"statementMap":{"1":{"start":{"line":3,"column":0},"end":{"line":3,"column":35}},"2":{"start":{"line":4,"column":0},"end":{"line":4,"column":22}},"3":{"start":{"line":5,"column":0},"end":{"line":5,"column":42}},"4":{"start":{"line":7,"column":0},"end":{"line":7,"column":27}},"5":{"start":{"line":8,"column":0},"end":{"line":8,"column":51}},"6":{"start":{"line":10,"column":0},"end":{"line":10,"column":37}},"7":{"start":{"line":12,"column":0},"end":{"line":14,"column":3}},"8":{"start":{"line":13,"column":2},"end":{"line":13,"column":67}},"9":{"start":{"line":16,"column":0},"end":{"line":16,"column":21}}},"branchMap":{}},"C:\\Users\\Chris\\Documents\\WebDev\\NodePractice\\session_practice\\dist\\routes.js":{"path":"C:\\Users\\Chris\\Documents\\WebDev\\NodePractice\\session_practice\\dist\\routes.js","s":{"1":1,"2":1,"3":1,"4":1,"5":1,"6":1,"7":1,"8":1,"9":0,"10":0,"11":0,"12":0,"13":0,"14":0,"15":0,"16":0,"17":0,"18":0,"19":0,"20":0,"21":0,"22":0,"23":0,"24":0,"25":0,"26":0,"27":0,"28":0,"29":0,"30":0,"31":0,"32":0,"33":0,"34":0,"35":1,"36":0,"37":0,"38":0,"39":0,"40":0,"41":0,"42":0,"43":1,"44":0,"45":0,"46":0,"47":0,"48":0,"49":0,"50":0,"51":0,"52":0,"53":0,"54":0,"55":1,"56":0,"57":0,"58":1},"b":{"1":[0,0],"2":[0,0,0],"3":[0,0],"4":[0,0],"5":[0,0],"6":[0,0],"7":[0,0],"8":[0,0],"9":[0,0],"10":[0,0],"11":[0,0],"12":[0,0]},"f":{},"fnMap":{},"statementMap":{"1":{"start":{"line":3,"column":0},"end":{"line":3,"column":35}},"2":{"start":{"line":4,"column":0},"end":{"line":4,"column":32}},"3":{"start":{"line":7,"column":0},"end":{"line":7,"column":29}},"4":{"start":{"line":9,"column":0},"end":{"line":9,"column":27}},"5":{"start":{"line":11,"column":0},"end":{"line":17,"column":3}},"6":{"start":{"line":19,"column":0},"end":{"line":19,"column":31}},"7":{"start":{"line":20,"column":0},"end":{"line":20,"column":36}},"8":{"start":{"line":22,"column":0},"end":{"line":68,"column":3}},"9":{"start":{"line":23,"column":2},"end":{"line":23,"column":27}},"10":{"start":{"line":24,"column":2},"end":{"line":26,"column":32}},"11":{"start":{"line":29,"column":2},"end":{"line":67,"column":3}},"12":{"start":{"line":30,"column":4},"end":{"line":63,"column":7}},"13":{"start":{"line":31,"column":6},"end":{"line":44,"column":8}},"14":{"start":{"line":32,"column":8},"end":{"line":42,"column":9}},"15":{"start":{"line":33,"column":10},"end":{"line":33,"column":59}},"16":{"start":{"line":34,"column":10},"end":{"line":41,"column":13}},"17":{"start":{"line":35,"column":12},"end":{"line":37,"column":13}},"18":{"start":{"line":36,"column":14},"end":{"line":36,"column":68}},"19":{"start":{"line":39,"column":12},"end":{"line":39,"column":19}},"20":{"start":{"line":40,"column":12},"end":{"line":40,"column":40}},"21":{"start":{"line":43,"column":8},"end":{"line":43,"column":21}},"22":{"start":{"line":46,"column":6},"end":{"line":62,"column":9}},"23":{"start":{"line":47,"column":8},"end":{"line":49,"column":9}},"24":{"start":{"line":48,"column":10},"end":{"line":48,"column":38}},"25":{"start":{"line":50,"column":8},"end":{"line":61,"column":11}},"26":{"start":{"line":51,"column":10},"end":{"line":53,"column":11}},"27":{"start":{"line":52,"column":12},"end":{"line":52,"column":40}},"28":{"start":{"line":54,"column":10},"end":{"line":60,"column":13}},"29":{"start":{"line":55,"column":12},"end":{"line":57,"column":13}},"30":{"start":{"line":56,"column":14},"end":{"line":56,"column":42}},"31":{"start":{"line":58,"column":12},"end":{"line":58,"column":51}},"32":{"start":{"line":59,"column":12},"end":{"line":59,"column":19}},"33":{"start":{"line":65,"column":4},"end":{"line":65,"column":68}},"34":{"start":{"line":66,"column":4},"end":{"line":66,"column":11}},"35":{"start":{"line":70,"column":0},"end":{"line":83,"column":3}},"36":{"start":{"line":71,"column":2},"end":{"line":71,"column":28}},"37":{"start":{"line":72,"column":2},"end":{"line":73,"column":33}},"38":{"start":{"line":76,"column":2},"end":{"line":82,"column":5}},"39":{"start":{"line":77,"column":4},"end":{"line":79,"column":5}},"40":{"start":{"line":78,"column":6},"end":{"line":78,"column":34}},"41":{"start":{"line":80,"column":4},"end":{"line":80,"column":26}},"42":{"start":{"line":81,"column":4},"end":{"line":81,"column":43}},"43":{"start":{"line":85,"column":0},"end":{"line":106,"column":3}},"44":{"start":{"line":86,"column":2},"end":{"line":86,"column":31}},"45":{"start":{"line":89,"column":2},"end":{"line":105,"column":5}},"46":{"start":{"line":91,"column":4},"end":{"line":104,"column":5}},"47":{"start":{"line":92,"column":6},"end":{"line":92,"column":64}},"48":{"start":{"line":94,"column":6},"end":{"line":103,"column":9}},"49":{"start":{"line":95,"column":8},"end":{"line":97,"column":9}},"50":{"start":{"line":96,"column":10},"end":{"line":96,"column":38}},"51":{"start":{"line":98,"column":8},"end":{"line":100,"column":9}},"52":{"start":{"line":99,"column":10},"end":{"line":99,"column":58}},"53":{"start":{"line":101,"column":8},"end":{"line":101,"column":57}},"54":{"start":{"line":102,"column":8},"end":{"line":102,"column":55}},"55":{"start":{"line":108,"column":0},"end":{"line":112,"column":3}},"56":{"start":{"line":109,"column":2},"end":{"line":111,"column":3}},"57":{"start":{"line":110,"column":4},"end":{"line":110,"column":26}},"58":{"start":{"line":113,"column":0},"end":{"line":113,"column":24}}},"branchMap":{"1":{"line":29,"type":"if","locations":[{"start":{"line":29,"column":2},"end":{"line":29,"column":2}},{"start":{"line":29,"column":2},"end":{"line":29,"column":2}}]},"2":{"line":29,"type":"binary-expr","locations":[{"start":{"line":29,"column":6},"end":{"line":29,"column":14}},{"start":{"line":29,"column":18},"end":{"line":29,"column":26}},{"start":{"line":29,"column":30},"end":{"line":29,"column":35}}]},"3":{"line":32,"type":"if","locations":[{"start":{"line":32,"column":8},"end":{"line":32,"column":8}},{"start":{"line":32,"column":8},"end":{"line":32,"column":8}}]},"4":{"line":35,"type":"if","locations":[{"start":{"line":35,"column":12},"end":{"line":35,"column":12}},{"start":{"line":35,"column":12},"end":{"line":35,"column":12}}]},"5":{"line":47,"type":"if","locations":[{"start":{"line":47,"column":8},"end":{"line":47,"column":8}},{"start":{"line":47,"column":8},"end":{"line":47,"column":8}}]},"6":{"line":51,"type":"if","locations":[{"start":{"line":51,"column":10},"end":{"line":51,"column":10}},{"start":{"line":51,"column":10},"end":{"line":51,"column":10}}]},"7":{"line":55,"type":"if","locations":[{"start":{"line":55,"column":12},"end":{"line":55,"column":12}},{"start":{"line":55,"column":12},"end":{"line":55,"column":12}}]},"8":{"line":77,"type":"if","locations":[{"start":{"line":77,"column":4},"end":{"line":77,"column":4}},{"start":{"line":77,"column":4},"end":{"line":77,"column":4}}]},"9":{"line":91,"type":"if","locations":[{"start":{"line":91,"column":4},"end":{"line":91,"column":4}},{"start":{"line":91,"column":4},"end":{"line":91,"column":4}}]},"10":{"line":95,"type":"if","locations":[{"start":{"line":95,"column":8},"end":{"line":95,"column":8}},{"start":{"line":95,"column":8},"end":{"line":95,"column":8}}]},"11":{"line":98,"type":"if","locations":[{"start":{"line":98,"column":8},"end":{"line":98,"column":8}},{"start":{"line":98,"column":8},"end":{"line":98,"column":8}}]},"12":{"line":109,"type":"if","locations":[{"start":{"line":109,"column":2},"end":{"line":109,"column":2}},{"start":{"line":109,"column":2},"end":{"line":109,"column":2}}]}}},"C:\\Users\\Chris\\Documents\\WebDev\\NodePractice\\session_practice\\dist\\dbconfig.js":{"path":"C:\\Users\\Chris\\Documents\\WebDev\\NodePractice\\session_practice\\dist\\dbconfig.js","s":{"1":0,"2":0,"3":0,"4":0,"5":0},"b":{},"f":{},"fnMap":{},"statementMap":{"1":{"start":{"line":3,"column":0},"end":{"line":3,"column":29}},"2":{"start":{"line":5,"column":0},"end":{"line":5,"column":27}},"3":{"start":{"line":8,"column":0},"end":{"line":8,"column":9}},"4":{"start":{"line":10,"column":0},"end":{"line":16,"column":3}},"5":{"start":{"line":18,"column":0},"end":{"line":18,"column":32}}},"branchMap":{}},"C:\\Users\\Chris\\Documents\\WebDev\\NodePractice\\session_practice\\dist\\routes.spec.js":{"path":"C:\\Users\\Chris\\Documents\\WebDev\\NodePractice\\session_practice\\dist\\routes.spec.js","s":{"1":0,"2":0,"3":0,"4":0,"5":0,"6":0,"7":0,"8":0,"9":0,"10":0,"11":0,"12":0,"13":0,"14":0,"15":0,"16":0,"17":0,"18":0,"19":0,"20":0,"21":0,"22":0,"23":0,"24":0,"25":0,"26":0,"27":0,"28":0,"29":0,"30":0,"31":0,"32":0,"33":0,"34":0,"35":0,"36":0,"37":0,"38":0,"39":0,"40":0,"41":0,"42":0,"43":0,"44":0,"45":0,"46":0,"47":0,"48":0,"49":0,"50":0,"51":0,"52":0,"53":0,"54":0},"b":{"1":[0,0],"2":[0,0],"3":[0,0],"4":[0,0]},"f":{"1":0,"2":0,"3":0,"4":0},"fnMap":{"1":{"name":"(anonymous_1)","line":25,"loc":{"start":{"line":25,"column":11},"end":{"line":25,"column":27}}},"2":{"name":"(anonymous_2)","line":42,"loc":{"start":{"line":42,"column":20},"end":{"line":42,"column":36}}},"3":{"name":"(anonymous_3)","line":56,"loc":{"start":{"line":56,"column":53},"end":{"line":56,"column":69}}},"4":{"name":"(anonymous_4)","line":93,"loc":{"start":{"line":93,"column":20},"end":{"line":93,"column":36}}}},"statementMap":{"1":{"start":{"line":3,"column":0},"end":{"line":3,"column":37}},"2":{"start":{"line":4,"column":0},"end":{"line":4,"column":31}},"3":{"start":{"line":5,"column":0},"end":{"line":5,"column":40}},"4":{"start":{"line":6,"column":0},"end":{"line":6,"column":29}},"5":{"start":{"line":7,"column":0},"end":{"line":7,"column":20}},"6":{"start":{"line":9,"column":0},"end":{"line":9,"column":38}},"7":{"start":{"line":11,"column":0},"end":{"line":11,"column":40}},"8":{"start":{"line":13,"column":0},"end":{"line":13,"column":27}},"9":{"start":{"line":15,"column":0},"end":{"line":15,"column":39}},"10":{"start":{"line":16,"column":0},"end":{"line":16,"column":33}},"11":{"start":{"line":18,"column":0},"end":{"line":18,"column":40}},"12":{"start":{"line":20,"column":0},"end":{"line":23,"column":3}},"13":{"start":{"line":22,"column":2},"end":{"line":22,"column":20}},"14":{"start":{"line":25,"column":0},"end":{"line":37,"column":3}},"15":{"start":{"line":26,"column":2},"end":{"line":26,"column":21}},"16":{"start":{"line":28,"column":2},"end":{"line":28,"column":39}},"17":{"start":{"line":29,"column":2},"end":{"line":36,"column":5}},"18":{"start":{"line":30,"column":4},"end":{"line":35,"column":7}},"19":{"start":{"line":31,"column":6},"end":{"line":33,"column":7}},"20":{"start":{"line":32,"column":8},"end":{"line":32,"column":50}},"21":{"start":{"line":34,"column":6},"end":{"line":34,"column":13}},"22":{"start":{"line":39,"column":0},"end":{"line":90,"column":3}},"23":{"start":{"line":40,"column":2},"end":{"line":40,"column":21}},"24":{"start":{"line":42,"column":2},"end":{"line":54,"column":5}},"25":{"start":{"line":43,"column":4},"end":{"line":43,"column":23}},"26":{"start":{"line":44,"column":4},"end":{"line":53,"column":7}},"27":{"start":{"line":45,"column":6},"end":{"line":45,"column":25}},"28":{"start":{"line":45,"column":15},"end":{"line":45,"column":25}},"29":{"start":{"line":46,"column":6},"end":{"line":46,"column":31}},"30":{"start":{"line":47,"column":6},"end":{"line":48,"column":36}},"31":{"start":{"line":50,"column":6},"end":{"line":50,"column":37}},"32":{"start":{"line":51,"column":6},"end":{"line":51,"column":40}},"33":{"start":{"line":52,"column":6},"end":{"line":52,"column":13}},"34":{"start":{"line":56,"column":2},"end":{"line":66,"column":5}},"35":{"start":{"line":57,"column":4},"end":{"line":57,"column":23}},"36":{"start":{"line":58,"column":4},"end":{"line":65,"column":7}},"37":{"start":{"line":59,"column":6},"end":{"line":59,"column":25}},"38":{"start":{"line":59,"column":15},"end":{"line":59,"column":25}},"39":{"start":{"line":60,"column":6},"end":{"line":60,"column":39}},"40":{"start":{"line":62,"column":6},"end":{"line":62,"column":37}},"41":{"start":{"line":63,"column":6},"end":{"line":63,"column":52}},"42":{"start":{"line":64,"column":6},"end":{"line":64,"column":13}},"43":{"start":{"line":92,"column":0},"end":{"line":107,"column":3}},"44":{"start":{"line":93,"column":2},"end":{"line":106,"column":5}},"45":{"start":{"line":94,"column":4},"end":{"line":94,"column":23}},"46":{"start":{"line":95,"column":4},"end":{"line":105,"column":7}},"47":{"start":{"line":96,"column":6},"end":{"line":96,"column":25}},"48":{"start":{"line":96,"column":15},"end":{"line":96,"column":25}},"49":{"start":{"line":97,"column":6},"end":{"line":97,"column":32}},"50":{"start":{"line":98,"column":6},"end":{"line":99,"column":37}},"51":{"start":{"line":101,"column":6},"end":{"line":101,"column":37}},"52":{"start":{"line":102,"column":6},"end":{"line":102,"column":44}},"53":{"start":{"line":103,"column":6},"end":{"line":103,"column":48}},"54":{"start":{"line":104,"column":6},"end":{"line":104,"column":13}}},"branchMap":{"1":{"line":31,"type":"if","locations":[{"start":{"line":31,"column":6},"end":{"line":31,"column":6}},{"start":{"line":31,"column":6},"end":{"line":31,"column":6}}]},"2":{"line":45,"type":"if","locations":[{"start":{"line":45,"column":6},"end":{"line":45,"column":6}},{"start":{"line":45,"column":6},"end":{"line":45,"column":6}}]},"3":{"line":59,"type":"if","locations":[{"start":{"line":59,"column":6},"end":{"line":59,"column":6}},{"start":{"line":59,"column":6},"end":{"line":59,"column":6}}]},"4":{"line":96,"type":"if","locations":[{"start":{"line":96,"column":6},"end":{"line":96,"column":6}},{"start":{"line":96,"column":6},"end":{"line":96,"column":6}}]}}},"C:\\Users\\Chris\\Documents\\WebDev\\NodePractice\\session_practice\\express-memory-session.js":{"path":"C:\\Users\\Chris\\Documents\\WebDev\\NodePractice\\session_practice\\express-memory-session.js","s":{"1":0,"2":0,"3":0,"4":0,"5":0,"6":0,"7":0,"8":0,"9":0,"10":0,"11":0,"12":0,"13":0},"b":{"1":[0,0]},"f":{},"fnMap":{},"statementMap":{"1":{"start":{"line":3,"column":0},"end":{"line":3,"column":35}},"2":{"start":{"line":4,"column":0},"end":{"line":4,"column":53}},"3":{"start":{"line":5,"column":0},"end":{"line":5,"column":43}},"4":{"start":{"line":7,"column":0},"end":{"line":7,"column":46}},"5":{"start":{"line":8,"column":0},"end":{"line":8,"column":22}},"6":{"start":{"line":10,"column":0},"end":{"line":10,"column":24}},"7":{"start":{"line":11,"column":0},"end":{"line":23,"column":4}},"8":{"start":{"line":25,"column":0},"end":{"line":32,"column":3}},"9":{"start":{"line":26,"column":2},"end":{"line":28,"column":3}},"10":{"start":{"line":27,"column":4},"end":{"line":27,"column":26}},"11":{"start":{"line":29,"column":2},"end":{"line":29,"column":22}},"12":{"start":{"line":31,"column":2},"end":{"line":31,"column":57}},"13":{"start":{"line":34,"column":0},"end":{"line":34,"column":17}}},"branchMap":{"1":{"line":26,"type":"if","locations":[{"start":{"line":26,"column":2},"end":{"line":26,"column":2}},{"start":{"line":26,"column":2},"end":{"line":26,"column":2}}]}}},"C:\\Users\\Chris\\Documents\\WebDev\\NodePractice\\session_practice\\server\\index.js":{"path":"C:\\Users\\Chris\\Documents\\WebDev\\NodePractice\\session_practice\\server\\index.js","s":{"1":0,"2":0,"3":0,"4":0,"5":0,"6":0,"7":0,"8":0,"9":0},"b":{},"f":{},"fnMap":{},"statementMap":{"1":{"start":{"line":3,"column":0},"end":{"line":3,"column":35}},"2":{"start":{"line":4,"column":0},"end":{"line":4,"column":22}},"3":{"start":{"line":5,"column":0},"end":{"line":5,"column":42}},"4":{"start":{"line":7,"column":0},"end":{"line":7,"column":27}},"5":{"start":{"line":8,"column":0},"end":{"line":8,"column":49}},"6":{"start":{"line":10,"column":0},"end":{"line":10,"column":37}},"7":{"start":{"line":12,"column":0},"end":{"line":14,"column":3}},"8":{"start":{"line":13,"column":2},"end":{"line":13,"column":67}},"9":{"start":{"line":16,"column":0},"end":{"line":16,"column":21}}},"branchMap":{}},"C:\\Users\\Chris\\Documents\\WebDev\\NodePractice\\session_practice\\server\\routes.js":{"path":"C:\\Users\\Chris\\Documents\\WebDev\\NodePractice\\session_practice\\server\\routes.js","s":{"1":0,"2":0,"3":0,"4":0,"5":0,"6":0,"7":0,"8":0,"9":0,"10":0,"11":0,"12":0,"13":0,"14":0,"15":0,"16":0,"17":0,"18":0,"19":0,"20":0,"21":0,"22":0,"23":0,"24":0,"25":0,"26":0,"27":0,"28":0,"29":0,"30":0,"31":0,"32":0,"33":0,"34":0,"35":0,"36":0,"37":0,"38":0,"39":0,"40":0,"41":0,"42":0,"43":0,"44":0,"45":0,"46":0,"47":0,"48":0,"49":0,"50":0,"51":0,"52":0,"53":0,"54":0,"55":0},"b":{"1":[0,0],"2":[0,0,0],"3":[0,0],"4":[0,0],"5":[0,0],"6":[0,0],"7":[0,0],"8":[0,0],"9":[0,0],"10":[0,0],"11":[0,0],"12":[0,0]},"f":{},"fnMap":{},"statementMap":{"1":{"start":{"line":3,"column":0},"end":{"line":3,"column":35}},"2":{"start":{"line":4,"column":0},"end":{"line":4,"column":32}},"3":{"start":{"line":7,"column":0},"end":{"line":7,"column":31}},"4":{"start":{"line":8,"column":0},"end":{"line":14,"column":3}},"5":{"start":{"line":17,"column":0},"end":{"line":17,"column":31}},"6":{"start":{"line":18,"column":0},"end":{"line":18,"column":36}},"7":{"start":{"line":20,"column":0},"end":{"line":60,"column":3}},"8":{"start":{"line":21,"column":2},"end":{"line":21,"column":49}},"9":{"start":{"line":23,"column":2},"end":{"line":59,"column":3}},"10":{"start":{"line":24,"column":4},"end":{"line":55,"column":7}},"11":{"start":{"line":25,"column":6},"end":{"line":38,"column":7}},"12":{"start":{"line":26,"column":8},"end":{"line":36,"column":9}},"13":{"start":{"line":27,"column":10},"end":{"line":27,"column":59}},"14":{"start":{"line":28,"column":10},"end":{"line":35,"column":12}},"15":{"start":{"line":29,"column":12},"end":{"line":31,"column":13}},"16":{"start":{"line":30,"column":14},"end":{"line":30,"column":68}},"17":{"start":{"line":33,"column":12},"end":{"line":33,"column":19}},"18":{"start":{"line":34,"column":12},"end":{"line":34,"column":40}},"19":{"start":{"line":37,"column":8},"end":{"line":37,"column":20}},"20":{"start":{"line":40,"column":6},"end":{"line":54,"column":9}},"21":{"start":{"line":41,"column":8},"end":{"line":41,"column":62}},"22":{"start":{"line":41,"column":32},"end":{"line":41,"column":60}},"23":{"start":{"line":42,"column":8},"end":{"line":53,"column":11}},"24":{"start":{"line":45,"column":10},"end":{"line":45,"column":64}},"25":{"start":{"line":45,"column":34},"end":{"line":45,"column":62}},"26":{"start":{"line":46,"column":10},"end":{"line":52,"column":13}},"27":{"start":{"line":47,"column":14},"end":{"line":49,"column":15}},"28":{"start":{"line":48,"column":16},"end":{"line":48,"column":44}},"29":{"start":{"line":50,"column":14},"end":{"line":50,"column":53}},"30":{"start":{"line":51,"column":14},"end":{"line":51,"column":21}},"31":{"start":{"line":57,"column":4},"end":{"line":57,"column":65}},"32":{"start":{"line":58,"column":4},"end":{"line":58,"column":11}},"33":{"start":{"line":63,"column":0},"end":{"line":73,"column":3}},"34":{"start":{"line":64,"column":2},"end":{"line":64,"column":35}},"35":{"start":{"line":66,"column":2},"end":{"line":72,"column":7}},"36":{"start":{"line":69,"column":6},"end":{"line":69,"column":47}},"37":{"start":{"line":69,"column":17},"end":{"line":69,"column":45}},"38":{"start":{"line":70,"column":6},"end":{"line":70,"column":28}},"39":{"start":{"line":71,"column":6},"end":{"line":71,"column":45}},"40":{"start":{"line":75,"column":0},"end":{"line":94,"column":3}},"41":{"start":{"line":76,"column":2},"end":{"line":76,"column":29}},"42":{"start":{"line":78,"column":2},"end":{"line":93,"column":5}},"43":{"start":{"line":79,"column":4},"end":{"line":92,"column":5}},"44":{"start":{"line":80,"column":6},"end":{"line":80,"column":62}},"45":{"start":{"line":82,"column":6},"end":{"line":91,"column":11}},"46":{"start":{"line":85,"column":10},"end":{"line":85,"column":49}},"47":{"start":{"line":85,"column":21},"end":{"line":85,"column":48}},"48":{"start":{"line":86,"column":10},"end":{"line":88,"column":11}},"49":{"start":{"line":87,"column":12},"end":{"line":87,"column":60}},"50":{"start":{"line":89,"column":12},"end":{"line":89,"column":61}},"51":{"start":{"line":90,"column":12},"end":{"line":90,"column":57}},"52":{"start":{"line":96,"column":0},"end":{"line":100,"column":3}},"53":{"start":{"line":97,"column":2},"end":{"line":99,"column":3}},"54":{"start":{"line":98,"column":4},"end":{"line":98,"column":26}},"55":{"start":{"line":102,"column":0},"end":{"line":102,"column":24}}},"branchMap":{"1":{"line":23,"type":"if","locations":[{"start":{"line":23,"column":2},"end":{"line":23,"column":2}},{"start":{"line":23,"column":2},"end":{"line":23,"column":2}}]},"2":{"line":23,"type":"binary-expr","locations":[{"start":{"line":23,"column":6},"end":{"line":23,"column":14}},{"start":{"line":23,"column":18},"end":{"line":23,"column":26}},{"start":{"line":23,"column":30},"end":{"line":23,"column":35}}]},"3":{"line":26,"type":"if","locations":[{"start":{"line":26,"column":8},"end":{"line":26,"column":8}},{"start":{"line":26,"column":8},"end":{"line":26,"column":8}}]},"4":{"line":29,"type":"if","locations":[{"start":{"line":29,"column":12},"end":{"line":29,"column":12}},{"start":{"line":29,"column":12},"end":{"line":29,"column":12}}]},"5":{"line":41,"type":"if","locations":[{"start":{"line":41,"column":8},"end":{"line":41,"column":8}},{"start":{"line":41,"column":8},"end":{"line":41,"column":8}}]},"6":{"line":45,"type":"if","locations":[{"start":{"line":45,"column":10},"end":{"line":45,"column":10}},{"start":{"line":45,"column":10},"end":{"line":45,"column":10}}]},"7":{"line":47,"type":"if","locations":[{"start":{"line":47,"column":14},"end":{"line":47,"column":14}},{"start":{"line":47,"column":14},"end":{"line":47,"column":14}}]},"8":{"line":69,"type":"if","locations":[{"start":{"line":69,"column":6},"end":{"line":69,"column":6}},{"start":{"line":69,"column":6},"end":{"line":69,"column":6}}]},"9":{"line":79,"type":"if","locations":[{"start":{"line":79,"column":4},"end":{"line":79,"column":4}},{"start":{"line":79,"column":4},"end":{"line":79,"column":4}}]},"10":{"line":85,"type":"if","locations":[{"start":{"line":85,"column":10},"end":{"line":85,"column":10}},{"start":{"line":85,"column":10},"end":{"line":85,"column":10}}]},"11":{"line":86,"type":"if","locations":[{"start":{"line":86,"column":10},"end":{"line":86,"column":10}},{"start":{"line":86,"column":10},"end":{"line":86,"column":10}}]},"12":{"line":97,"type":"if","locations":[{"start":{"line":97,"column":2},"end":{"line":97,"column":2}},{"start":{"line":97,"column":2},"end":{"line":97,"column":2}}]}}}}